<?xml version="1.0" encoding="UTF-8"?>
<testsuite xmlns:xsi="http://www.w3.org/2001/XMLSchema-instance" xsi:noNamespaceSchemaLocation="https://maven.apache.org/surefire/maven-surefire-plugin/xsd/surefire-test-report-3.0.xsd" version="3.0" name="sdu.lafis17.netbeanslab.player.playersystem.PlayerControlSystemTest" time="0.356" tests="1" errors="0" skipped="0" failures="0">
  <properties>
    <property name="sun.desktop" value="windows"/>
    <property name="awt.toolkit" value="sun.awt.windows.WToolkit"/>
    <property name="file.encoding.pkg" value="sun.io"/>
    <property name="java.specification.version" value="1.8"/>
    <property name="sun.cpu.isalist" value="amd64"/>
    <property name="sun.jnu.encoding" value="Cp1252"/>
    <property name="java.class.path" value="C:\Users\Pottemuld\Documents\GitHub\4SemExer\Lasse\AsteroidsNetBeans\Player\target\test-classes;C:\Users\Pottemuld\Documents\GitHub\4SemExer\Lasse\AsteroidsNetBeans\Player\target\classes;C:\Users\Pottemuld\.m2\repository\org\netbeans\api\org-netbeans-api-annotations-common\RELEASE82\org-netbeans-api-annotations-common-RELEASE82.jar;C:\Users\Pottemuld\.m2\repository\sdu\lafis17\netbeanslab\Common\1.0.1-SNAPSHOT\Common-1.0.1-SNAPSHOT.jar;C:\Users\Pottemuld\.m2\repository\org\netbeans\api\org-openide-util-lookup\RELEASE81\org-openide-util-lookup-RELEASE81.jar;C:\Users\Pottemuld\.m2\repository\org\seleniumhq\selenium\selenium-java\2.44.0\selenium-java-2.44.0.jar;C:\Users\Pottemuld\.m2\repository\org\seleniumhq\selenium\selenium-chrome-driver\2.44.0\selenium-chrome-driver-2.44.0.jar;C:\Users\Pottemuld\.m2\repository\org\seleniumhq\selenium\selenium-remote-driver\2.44.0\selenium-remote-driver-2.44.0.jar;C:\Users\Pottemuld\.m2\repository\cglib\cglib-nodep\2.1_3\cglib-nodep-2.1_3.jar;C:\Users\Pottemuld\.m2\repository\com\google\code\gson\gson\2.3\gson-2.3.jar;C:\Users\Pottemuld\.m2\repository\org\seleniumhq\selenium\selenium-api\2.44.0\selenium-api-2.44.0.jar;C:\Users\Pottemuld\.m2\repository\org\seleniumhq\selenium\selenium-htmlunit-driver\2.44.0\selenium-htmlunit-driver-2.44.0.jar;C:\Users\Pottemuld\.m2\repository\net\sourceforge\htmlunit\htmlunit\2.15\htmlunit-2.15.jar;C:\Users\Pottemuld\.m2\repository\xalan\xalan\2.7.1\xalan-2.7.1.jar;C:\Users\Pottemuld\.m2\repository\xalan\serializer\2.7.1\serializer-2.7.1.jar;C:\Users\Pottemuld\.m2\repository\commons-collections\commons-collections\3.2.1\commons-collections-3.2.1.jar;C:\Users\Pottemuld\.m2\repository\org\apache\commons\commons-lang3\3.3.2\commons-lang3-3.3.2.jar;C:\Users\Pottemuld\.m2\repository\org\apache\httpcomponents\httpmime\4.3.3\httpmime-4.3.3.jar;C:\Users\Pottemuld\.m2\repository\commons-codec\commons-codec\1.9\commons-codec-1.9.jar;C:\Users\Pottemuld\.m2\repository\net\sourceforge\htmlunit\htmlunit-core-js\2.15\htmlunit-core-js-2.15.jar;C:\Users\Pottemuld\.m2\repository\xerces\xercesImpl\2.11.0\xercesImpl-2.11.0.jar;C:\Users\Pottemuld\.m2\repository\xml-apis\xml-apis\1.4.01\xml-apis-1.4.01.jar;C:\Users\Pottemuld\.m2\repository\net\sourceforge\nekohtml\nekohtml\1.9.21\nekohtml-1.9.21.jar;C:\Users\Pottemuld\.m2\repository\net\sourceforge\cssparser\cssparser\0.9.14\cssparser-0.9.14.jar;C:\Users\Pottemuld\.m2\repository\org\w3c\css\sac\1.3\sac-1.3.jar;C:\Users\Pottemuld\.m2\repository\commons-logging\commons-logging\1.1.3\commons-logging-1.1.3.jar;C:\Users\Pottemuld\.m2\repository\org\eclipse\jetty\jetty-websocket\8.1.15.v20140411\jetty-websocket-8.1.15.v20140411.jar;C:\Users\Pottemuld\.m2\repository\org\eclipse\jetty\jetty-util\8.1.15.v20140411\jetty-util-8.1.15.v20140411.jar;C:\Users\Pottemuld\.m2\repository\org\eclipse\jetty\jetty-io\8.1.15.v20140411\jetty-io-8.1.15.v20140411.jar;C:\Users\Pottemuld\.m2\repository\org\eclipse\jetty\jetty-http\8.1.15.v20140411\jetty-http-8.1.15.v20140411.jar;C:\Users\Pottemuld\.m2\repository\org\apache\httpcomponents\httpclient\4.3.4\httpclient-4.3.4.jar;C:\Users\Pottemuld\.m2\repository\org\apache\httpcomponents\httpcore\4.3.2\httpcore-4.3.2.jar;C:\Users\Pottemuld\.m2\repository\org\seleniumhq\selenium\selenium-firefox-driver\2.44.0\selenium-firefox-driver-2.44.0.jar;C:\Users\Pottemuld\.m2\repository\commons-io\commons-io\2.4\commons-io-2.4.jar;C:\Users\Pottemuld\.m2\repository\org\seleniumhq\selenium\selenium-ie-driver\2.44.0\selenium-ie-driver-2.44.0.jar;C:\Users\Pottemuld\.m2\repository\net\java\dev\jna\jna\3.4.0\jna-3.4.0.jar;C:\Users\Pottemuld\.m2\repository\net\java\dev\jna\platform\3.4.0\platform-3.4.0.jar;C:\Users\Pottemuld\.m2\repository\org\seleniumhq\selenium\selenium-safari-driver\2.44.0\selenium-safari-driver-2.44.0.jar;C:\Users\Pottemuld\.m2\repository\org\seleniumhq\selenium\selenium-support\2.44.0\selenium-support-2.44.0.jar;C:\Users\Pottemuld\.m2\repository\org\webbitserver\webbit\0.4.14\webbit-0.4.14.jar;C:\Users\Pottemuld\.m2\repository\io\netty\netty\3.5.2.Final\netty-3.5.2.Final.jar;C:\Users\Pottemuld\.m2\repository\com\opera\operadriver\1.5\operadriver-1.5.jar;C:\Users\Pottemuld\.m2\repository\com\opera\operalaunchers\1.1\operalaunchers-1.1.jar;C:\Users\Pottemuld\.m2\repository\com\google\protobuf\protobuf-java\2.4.1\protobuf-java-2.4.1.jar;C:\Users\Pottemuld\.m2\repository\com\google\guava\guava\14.0\guava-14.0.jar;C:\Users\Pottemuld\.m2\repository\commons-jxpath\commons-jxpath\1.3\commons-jxpath-1.3.jar;C:\Users\Pottemuld\.m2\repository\org\apache\commons\commons-exec\1.1\commons-exec-1.1.jar;C:\Users\Pottemuld\.m2\repository\org\ini4j\ini4j\0.5.2\ini4j-0.5.2.jar;C:\Users\Pottemuld\.m2\repository\junit\junit\4.11\junit-4.11.jar;C:\Users\Pottemuld\.m2\repository\org\hamcrest\hamcrest-core\1.3\hamcrest-core-1.3.jar;C:\Users\Pottemuld\.m2\repository\sdu\lafis17\netbeanslab\Core\1.0.1-SNAPSHOT\Core-1.0.1-SNAPSHOT.jar;C:\Users\Pottemuld\.m2\repository\com\badlogicgames\gdx\gdx\1.5.0\gdx-1.5.0.jar;C:\Users\Pottemuld\.m2\repository\com\badlogicgames\gdx\gdx-platform\1.5.0\gdx-platform-1.5.0-natives-desktop.jar;C:\Users\Pottemuld\.m2\repository\com\badlogicgames\gdx\gdx-backend-lwjgl\1.5.0\gdx-backend-lwjgl-1.5.0.jar;C:\Users\Pottemuld\.m2\repository\org\lwjgl\lwjgl\lwjgl\2.9.1\lwjgl-2.9.1.jar;C:\Users\Pottemuld\.m2\repository\org\lwjgl\lwjgl\lwjgl-platform\2.9.1\lwjgl-platform-2.9.1-natives-windows.jar;C:\Users\Pottemuld\.m2\repository\org\lwjgl\lwjgl\lwjgl-platform\2.9.1\lwjgl-platform-2.9.1-natives-linux.jar;C:\Users\Pottemuld\.m2\repository\org\lwjgl\lwjgl\lwjgl-platform\2.9.1\lwjgl-platform-2.9.1-natives-osx.jar;C:\Users\Pottemuld\.m2\repository\net\java\jinput\jinput\2.0.5\jinput-2.0.5.jar;C:\Users\Pottemuld\.m2\repository\net\java\jutils\jutils\1.0.0\jutils-1.0.0.jar;C:\Users\Pottemuld\.m2\repository\net\java\jinput\jinput-platform\2.0.5\jinput-platform-2.0.5-natives-linux.jar;C:\Users\Pottemuld\.m2\repository\net\java\jinput\jinput-platform\2.0.5\jinput-platform-2.0.5-natives-windows.jar;C:\Users\Pottemuld\.m2\repository\net\java\jinput\jinput-platform\2.0.5\jinput-platform-2.0.5-natives-osx.jar;C:\Users\Pottemuld\.m2\repository\org\lwjgl\lwjgl\lwjgl_util\2.9.1\lwjgl_util-2.9.1.jar;C:\Users\Pottemuld\.m2\repository\com\badlogicgames\jlayer\jlayer\1.0.1-gdx\jlayer-1.0.1-gdx.jar;C:\Users\Pottemuld\.m2\repository\org\jcraft\jorbis\0.0.17\jorbis-0.0.17.jar;C:\Users\Pottemuld\.m2\repository\com\badlogicgames\gdx\gdx-box2d\1.5.0\gdx-box2d-1.5.0.jar;C:\Users\Pottemuld\.m2\repository\com\badlogicgames\gdx\gdx-box2d-platform\1.5.0\gdx-box2d-platform-1.5.0-natives-desktop.jar;C:\Users\Pottemuld\.m2\repository\com\badlogicgames\gdx\gdx-freetype\1.5.0\gdx-freetype-1.5.0.jar;C:\Users\Pottemuld\.m2\repository\com\badlogicgames\gdx\gdx-freetype-platform\1.5.0\gdx-freetype-platform-1.5.0-natives-desktop.jar;C:\Users\Pottemuld\.m2\repository\org\netbeans\api\org-openide-modules\RELEASE82\org-openide-modules-RELEASE82.jar;C:\Users\Pottemuld\.m2\repository\org\netbeans\api\org-openide-util\RELEASE82\org-openide-util-RELEASE82.jar;C:\Users\Pottemuld\.m2\repository\org\netbeans\api\org-openide-util-ui\RELEASE82\org-openide-util-ui-RELEASE82.jar;C:\Users\Pottemuld\.m2\repository\org\springframework\spring-context\4.1.5.RELEASE\spring-context-4.1.5.RELEASE.jar;C:\Users\Pottemuld\.m2\repository\org\springframework\spring-aop\4.1.5.RELEASE\spring-aop-4.1.5.RELEASE.jar;C:\Users\Pottemuld\.m2\repository\aopalliance\aopalliance\1.0\aopalliance-1.0.jar;C:\Users\Pottemuld\.m2\repository\org\springframework\spring-beans\4.1.5.RELEASE\spring-beans-4.1.5.RELEASE.jar;C:\Users\Pottemuld\.m2\repository\org\springframework\spring-core\4.1.5.RELEASE\spring-core-4.1.5.RELEASE.jar;C:\Users\Pottemuld\.m2\repository\org\springframework\spring-expression\4.1.5.RELEASE\spring-expression-4.1.5.RELEASE.jar;C:\Users\Pottemuld\.m2\repository\sdu\lafis17\netbeanslab\Player\1.0.1-SNAPSHOT\Player-1.0.1-SNAPSHOT.jar;"/>
    <property name="java.vm.vendor" value="Oracle Corporation"/>
    <property name="sun.arch.data.model" value="64"/>
    <property name="user.variant" value=""/>
    <property name="java.vendor.url" value="http://java.oracle.com/"/>
    <property name="user.timezone" value="Europe/Paris"/>
    <property name="java.vm.specification.version" value="1.8"/>
    <property name="os.name" value="Windows 10"/>
    <property name="sun.java.launcher" value="SUN_STANDARD"/>
    <property name="user.country" value="DK"/>
    <property name="sun.boot.library.path" value="D:\Program Files\Java\jdk1.8.0_181\jre\bin"/>
    <property name="sun.java.command" value="C:\Users\Pottemuld\AppData\Local\Temp\surefire4185784172197634757\surefirebooter4888144293875959102.jar C:\Users\Pottemuld\AppData\Local\Temp\surefire4185784172197634757 2019-05-16T02-07-15_840-jvmRun1 surefire1373692055135196061tmp surefire_0602525998919205358tmp"/>
    <property name="surefire.test.class.path" value="C:\Users\Pottemuld\Documents\GitHub\4SemExer\Lasse\AsteroidsNetBeans\Player\target\test-classes;C:\Users\Pottemuld\Documents\GitHub\4SemExer\Lasse\AsteroidsNetBeans\Player\target\classes;C:\Users\Pottemuld\.m2\repository\org\netbeans\api\org-netbeans-api-annotations-common\RELEASE82\org-netbeans-api-annotations-common-RELEASE82.jar;C:\Users\Pottemuld\.m2\repository\sdu\lafis17\netbeanslab\Common\1.0.1-SNAPSHOT\Common-1.0.1-SNAPSHOT.jar;C:\Users\Pottemuld\.m2\repository\org\netbeans\api\org-openide-util-lookup\RELEASE81\org-openide-util-lookup-RELEASE81.jar;C:\Users\Pottemuld\.m2\repository\org\seleniumhq\selenium\selenium-java\2.44.0\selenium-java-2.44.0.jar;C:\Users\Pottemuld\.m2\repository\org\seleniumhq\selenium\selenium-chrome-driver\2.44.0\selenium-chrome-driver-2.44.0.jar;C:\Users\Pottemuld\.m2\repository\org\seleniumhq\selenium\selenium-remote-driver\2.44.0\selenium-remote-driver-2.44.0.jar;C:\Users\Pottemuld\.m2\repository\cglib\cglib-nodep\2.1_3\cglib-nodep-2.1_3.jar;C:\Users\Pottemuld\.m2\repository\com\google\code\gson\gson\2.3\gson-2.3.jar;C:\Users\Pottemuld\.m2\repository\org\seleniumhq\selenium\selenium-api\2.44.0\selenium-api-2.44.0.jar;C:\Users\Pottemuld\.m2\repository\org\seleniumhq\selenium\selenium-htmlunit-driver\2.44.0\selenium-htmlunit-driver-2.44.0.jar;C:\Users\Pottemuld\.m2\repository\net\sourceforge\htmlunit\htmlunit\2.15\htmlunit-2.15.jar;C:\Users\Pottemuld\.m2\repository\xalan\xalan\2.7.1\xalan-2.7.1.jar;C:\Users\Pottemuld\.m2\repository\xalan\serializer\2.7.1\serializer-2.7.1.jar;C:\Users\Pottemuld\.m2\repository\commons-collections\commons-collections\3.2.1\commons-collections-3.2.1.jar;C:\Users\Pottemuld\.m2\repository\org\apache\commons\commons-lang3\3.3.2\commons-lang3-3.3.2.jar;C:\Users\Pottemuld\.m2\repository\org\apache\httpcomponents\httpmime\4.3.3\httpmime-4.3.3.jar;C:\Users\Pottemuld\.m2\repository\commons-codec\commons-codec\1.9\commons-codec-1.9.jar;C:\Users\Pottemuld\.m2\repository\net\sourceforge\htmlunit\htmlunit-core-js\2.15\htmlunit-core-js-2.15.jar;C:\Users\Pottemuld\.m2\repository\xerces\xercesImpl\2.11.0\xercesImpl-2.11.0.jar;C:\Users\Pottemuld\.m2\repository\xml-apis\xml-apis\1.4.01\xml-apis-1.4.01.jar;C:\Users\Pottemuld\.m2\repository\net\sourceforge\nekohtml\nekohtml\1.9.21\nekohtml-1.9.21.jar;C:\Users\Pottemuld\.m2\repository\net\sourceforge\cssparser\cssparser\0.9.14\cssparser-0.9.14.jar;C:\Users\Pottemuld\.m2\repository\org\w3c\css\sac\1.3\sac-1.3.jar;C:\Users\Pottemuld\.m2\repository\commons-logging\commons-logging\1.1.3\commons-logging-1.1.3.jar;C:\Users\Pottemuld\.m2\repository\org\eclipse\jetty\jetty-websocket\8.1.15.v20140411\jetty-websocket-8.1.15.v20140411.jar;C:\Users\Pottemuld\.m2\repository\org\eclipse\jetty\jetty-util\8.1.15.v20140411\jetty-util-8.1.15.v20140411.jar;C:\Users\Pottemuld\.m2\repository\org\eclipse\jetty\jetty-io\8.1.15.v20140411\jetty-io-8.1.15.v20140411.jar;C:\Users\Pottemuld\.m2\repository\org\eclipse\jetty\jetty-http\8.1.15.v20140411\jetty-http-8.1.15.v20140411.jar;C:\Users\Pottemuld\.m2\repository\org\apache\httpcomponents\httpclient\4.3.4\httpclient-4.3.4.jar;C:\Users\Pottemuld\.m2\repository\org\apache\httpcomponents\httpcore\4.3.2\httpcore-4.3.2.jar;C:\Users\Pottemuld\.m2\repository\org\seleniumhq\selenium\selenium-firefox-driver\2.44.0\selenium-firefox-driver-2.44.0.jar;C:\Users\Pottemuld\.m2\repository\commons-io\commons-io\2.4\commons-io-2.4.jar;C:\Users\Pottemuld\.m2\repository\org\seleniumhq\selenium\selenium-ie-driver\2.44.0\selenium-ie-driver-2.44.0.jar;C:\Users\Pottemuld\.m2\repository\net\java\dev\jna\jna\3.4.0\jna-3.4.0.jar;C:\Users\Pottemuld\.m2\repository\net\java\dev\jna\platform\3.4.0\platform-3.4.0.jar;C:\Users\Pottemuld\.m2\repository\org\seleniumhq\selenium\selenium-safari-driver\2.44.0\selenium-safari-driver-2.44.0.jar;C:\Users\Pottemuld\.m2\repository\org\seleniumhq\selenium\selenium-support\2.44.0\selenium-support-2.44.0.jar;C:\Users\Pottemuld\.m2\repository\org\webbitserver\webbit\0.4.14\webbit-0.4.14.jar;C:\Users\Pottemuld\.m2\repository\io\netty\netty\3.5.2.Final\netty-3.5.2.Final.jar;C:\Users\Pottemuld\.m2\repository\com\opera\operadriver\1.5\operadriver-1.5.jar;C:\Users\Pottemuld\.m2\repository\com\opera\operalaunchers\1.1\operalaunchers-1.1.jar;C:\Users\Pottemuld\.m2\repository\com\google\protobuf\protobuf-java\2.4.1\protobuf-java-2.4.1.jar;C:\Users\Pottemuld\.m2\repository\com\google\guava\guava\14.0\guava-14.0.jar;C:\Users\Pottemuld\.m2\repository\commons-jxpath\commons-jxpath\1.3\commons-jxpath-1.3.jar;C:\Users\Pottemuld\.m2\repository\org\apache\commons\commons-exec\1.1\commons-exec-1.1.jar;C:\Users\Pottemuld\.m2\repository\org\ini4j\ini4j\0.5.2\ini4j-0.5.2.jar;C:\Users\Pottemuld\.m2\repository\junit\junit\4.11\junit-4.11.jar;C:\Users\Pottemuld\.m2\repository\org\hamcrest\hamcrest-core\1.3\hamcrest-core-1.3.jar;C:\Users\Pottemuld\.m2\repository\sdu\lafis17\netbeanslab\Core\1.0.1-SNAPSHOT\Core-1.0.1-SNAPSHOT.jar;C:\Users\Pottemuld\.m2\repository\com\badlogicgames\gdx\gdx\1.5.0\gdx-1.5.0.jar;C:\Users\Pottemuld\.m2\repository\com\badlogicgames\gdx\gdx-platform\1.5.0\gdx-platform-1.5.0-natives-desktop.jar;C:\Users\Pottemuld\.m2\repository\com\badlogicgames\gdx\gdx-backend-lwjgl\1.5.0\gdx-backend-lwjgl-1.5.0.jar;C:\Users\Pottemuld\.m2\repository\org\lwjgl\lwjgl\lwjgl\2.9.1\lwjgl-2.9.1.jar;C:\Users\Pottemuld\.m2\repository\org\lwjgl\lwjgl\lwjgl-platform\2.9.1\lwjgl-platform-2.9.1-natives-windows.jar;C:\Users\Pottemuld\.m2\repository\org\lwjgl\lwjgl\lwjgl-platform\2.9.1\lwjgl-platform-2.9.1-natives-linux.jar;C:\Users\Pottemuld\.m2\repository\org\lwjgl\lwjgl\lwjgl-platform\2.9.1\lwjgl-platform-2.9.1-natives-osx.jar;C:\Users\Pottemuld\.m2\repository\net\java\jinput\jinput\2.0.5\jinput-2.0.5.jar;C:\Users\Pottemuld\.m2\repository\net\java\jutils\jutils\1.0.0\jutils-1.0.0.jar;C:\Users\Pottemuld\.m2\repository\net\java\jinput\jinput-platform\2.0.5\jinput-platform-2.0.5-natives-linux.jar;C:\Users\Pottemuld\.m2\repository\net\java\jinput\jinput-platform\2.0.5\jinput-platform-2.0.5-natives-windows.jar;C:\Users\Pottemuld\.m2\repository\net\java\jinput\jinput-platform\2.0.5\jinput-platform-2.0.5-natives-osx.jar;C:\Users\Pottemuld\.m2\repository\org\lwjgl\lwjgl\lwjgl_util\2.9.1\lwjgl_util-2.9.1.jar;C:\Users\Pottemuld\.m2\repository\com\badlogicgames\jlayer\jlayer\1.0.1-gdx\jlayer-1.0.1-gdx.jar;C:\Users\Pottemuld\.m2\repository\org\jcraft\jorbis\0.0.17\jorbis-0.0.17.jar;C:\Users\Pottemuld\.m2\repository\com\badlogicgames\gdx\gdx-box2d\1.5.0\gdx-box2d-1.5.0.jar;C:\Users\Pottemuld\.m2\repository\com\badlogicgames\gdx\gdx-box2d-platform\1.5.0\gdx-box2d-platform-1.5.0-natives-desktop.jar;C:\Users\Pottemuld\.m2\repository\com\badlogicgames\gdx\gdx-freetype\1.5.0\gdx-freetype-1.5.0.jar;C:\Users\Pottemuld\.m2\repository\com\badlogicgames\gdx\gdx-freetype-platform\1.5.0\gdx-freetype-platform-1.5.0-natives-desktop.jar;C:\Users\Pottemuld\.m2\repository\org\netbeans\api\org-openide-modules\RELEASE82\org-openide-modules-RELEASE82.jar;C:\Users\Pottemuld\.m2\repository\org\netbeans\api\org-openide-util\RELEASE82\org-openide-util-RELEASE82.jar;C:\Users\Pottemuld\.m2\repository\org\netbeans\api\org-openide-util-ui\RELEASE82\org-openide-util-ui-RELEASE82.jar;C:\Users\Pottemuld\.m2\repository\org\springframework\spring-context\4.1.5.RELEASE\spring-context-4.1.5.RELEASE.jar;C:\Users\Pottemuld\.m2\repository\org\springframework\spring-aop\4.1.5.RELEASE\spring-aop-4.1.5.RELEASE.jar;C:\Users\Pottemuld\.m2\repository\aopalliance\aopalliance\1.0\aopalliance-1.0.jar;C:\Users\Pottemuld\.m2\repository\org\springframework\spring-beans\4.1.5.RELEASE\spring-beans-4.1.5.RELEASE.jar;C:\Users\Pottemuld\.m2\repository\org\springframework\spring-core\4.1.5.RELEASE\spring-core-4.1.5.RELEASE.jar;C:\Users\Pottemuld\.m2\repository\org\springframework\spring-expression\4.1.5.RELEASE\spring-expression-4.1.5.RELEASE.jar;C:\Users\Pottemuld\.m2\repository\sdu\lafis17\netbeanslab\Player\1.0.1-SNAPSHOT\Player-1.0.1-SNAPSHOT.jar;"/>
    <property name="sun.cpu.endian" value="little"/>
    <property name="user.home" value="C:\Users\Pottemuld"/>
    <property name="user.language" value="da"/>
    <property name="java.specification.vendor" value="Oracle Corporation"/>
    <property name="java.home" value="D:\Program Files\Java\jdk1.8.0_181\jre"/>
    <property name="basedir" value="C:\Users\Pottemuld\Documents\GitHub\4SemExer\Lasse\AsteroidsNetBeans\Player"/>
    <property name="file.separator" value="\"/>
    <property name="line.separator" value="&#10;"/>
    <property name="java.vm.specification.vendor" value="Oracle Corporation"/>
    <property name="java.specification.name" value="Java Platform API Specification"/>
    <property name="java.awt.graphicsenv" value="sun.awt.Win32GraphicsEnvironment"/>
    <property name="surefire.real.class.path" value="C:\Users\Pottemuld\AppData\Local\Temp\surefire4185784172197634757\surefirebooter4888144293875959102.jar"/>
    <property name="sun.boot.class.path" value="D:\Program Files\Java\jdk1.8.0_181\jre\lib\resources.jar;D:\Program Files\Java\jdk1.8.0_181\jre\lib\rt.jar;D:\Program Files\Java\jdk1.8.0_181\jre\lib\sunrsasign.jar;D:\Program Files\Java\jdk1.8.0_181\jre\lib\jsse.jar;D:\Program Files\Java\jdk1.8.0_181\jre\lib\jce.jar;D:\Program Files\Java\jdk1.8.0_181\jre\lib\charsets.jar;D:\Program Files\Java\jdk1.8.0_181\jre\lib\jfr.jar;D:\Program Files\Java\jdk1.8.0_181\jre\classes"/>
    <property name="user.script" value=""/>
    <property name="sun.management.compiler" value="HotSpot 64-Bit Tiered Compilers"/>
    <property name="java.runtime.version" value="1.8.0_181-b13"/>
    <property name="user.name" value="Pottemuld"/>
    <property name="path.separator" value=";"/>
    <property name="os.version" value="10.0"/>
    <property name="java.endorsed.dirs" value="D:\Program Files\Java\jdk1.8.0_181\jre\lib\endorsed"/>
    <property name="java.runtime.name" value="Java(TM) SE Runtime Environment"/>
    <property name="file.encoding" value="UTF-8"/>
    <property name="java.vm.name" value="Java HotSpot(TM) 64-Bit Server VM"/>
    <property name="maven.ext.class.path" value="D:\Program Files\NetBeans 8.2\java\maven-nblib\netbeans-eventspy.jar"/>
    <property name="localRepository" value="C:\Users\Pottemuld\.m2\repository"/>
    <property name="java.vendor.url.bug" value="http://bugreport.sun.com/bugreport/"/>
    <property name="java.io.tmpdir" value="C:\Users\POTTEM~1\AppData\Local\Temp\"/>
    <property name="java.version" value="1.8.0_181"/>
    <property name="user.dir" value="C:\Users\Pottemuld\Documents\GitHub\4SemExer\Lasse\AsteroidsNetBeans\Player"/>
    <property name="os.arch" value="amd64"/>
    <property name="java.vm.specification.name" value="Java Virtual Machine Specification"/>
    <property name="java.awt.printerjob" value="sun.awt.windows.WPrinterJob"/>
    <property name="sun.os.patch.level" value=""/>
    <property name="java.library.path" value="D:\Program Files\Java\jdk1.8.0_181\jre\bin;C:\WINDOWS\Sun\Java\bin;C:\WINDOWS\system32;C:\WINDOWS;C:\Program Files (x86)\Microsoft SDKs\Azure\CLI2\wbin;C:\Program Files (x86)\NVIDIA Corporation\PhysX\Common;C:\Program Files (x86)\Common Files\Oracle\Java\javapath;C:\WINDOWS\system32;C:\WINDOWS;C:\WINDOWS\System32\Wbem;C:\WINDOWS\System32\WindowsPowerShell\v1.0\;C:\Program Files\Git\cmd;C:\Program Files\dotnet\;C:\WINDOWS\System32\OpenSSH\;C:\Program Files\Microsoft SQL Server\130\Tools\Binn\;D:\Program Files\Apache Maven\apache-maven-3.6.0\bin;C:\Users\Pottemuld\AppData\Local\Microsoft\WindowsApps;D:\Program Files\Docker Toolbox;C:\Users\Pottemuld\AppData\Local\GitHubDesktop\bin;%USERPROFILE%\AppData\Local\Microsoft\WindowsApps;C:\Users\Pottemuld\.dotnet\tools;;."/>
    <property name="java.vm.info" value="mixed mode"/>
    <property name="java.vendor" value="Oracle Corporation"/>
    <property name="java.vm.version" value="25.181-b13"/>
    <property name="java.ext.dirs" value="D:\Program Files\Java\jdk1.8.0_181\jre\lib\ext;C:\WINDOWS\Sun\Java\lib\ext"/>
    <property name="sun.io.unicode.encoding" value="UnicodeLittle"/>
    <property name="java.class.version" value="52.0"/>
  </properties>
  <testcase name="testProcess" classname="sdu.lafis17.netbeanslab.player.playersystem.PlayerControlSystemTest" time="0.269"/>
</testsuite>